Build started 6/1/2014 2:10:00 PM.
     1>Project "C:\Users\Randall\documents\visual studio 2010\Projects\Enigne\Enigne\Enigne.vcxproj" on node 2 (build target(s)).
     1>InitializeBuildStatus:
         Touching "Debug\Enigne.unsuccessfulbuild".
       ClCompile:
         All outputs are up-to-date.
       ManifestResourceCompile:
         All outputs are up-to-date.
       Link:
         C:\Program Files (x86)\Microsoft Visual Studio 10.0\VC\bin\link.exe /ERRORREPORT:PROMPT /OUT:"C:\Users\Randall\documents\visual studio 2010\Projects\Enigne\Debug\Enigne.exe" /INCREMENTAL /NOLOGO kernel32.lib user32.lib gdi32.lib winspool.lib comdlg32.lib advapi32.lib shell32.lib ole32.lib oleaut32.lib uuid.lib odbc32.lib odbccp32.lib /MANIFEST /ManifestFile:"Debug\Enigne.exe.intermediate.manifest" /MANIFESTUAC:"level='asInvoker' uiAccess='false'" /DEBUG /PDB:"C:\Users\Randall\documents\visual studio 2010\Projects\Enigne\Debug\Enigne.pdb" /SUBSYSTEM:CONSOLE /TLBID:1 /DYNAMICBASE /NXCOMPAT /IMPLIB:"C:\Users\Randall\documents\visual studio 2010\Projects\Enigne\Debug\Enigne.lib" /MACHINE:X86 Debug\Enigne.exe.embed.manifest.res
         Debug\main.obj
       Manifest:
         C:\Program Files (x86)\Microsoft SDKs\Windows\v7.0A\bin\mt.exe /nologo /verbose /out:"Debug\Enigne.exe.embed.manifest" /manifest Debug\Enigne.exe.intermediate.manifest
         All outputs are up-to-date.
       LinkEmbedManifest:
         All outputs are up-to-date.
         Enigne.vcxproj -> C:\Users\Randall\documents\visual studio 2010\Projects\Enigne\Debug\Enigne.exe
       FinalizeBuildStatus:
         Deleting file "Debug\Enigne.unsuccessfulbuild".
         Touching "Debug\Enigne.lastbuildstate".
     1>Done Building Project "C:\Users\Randall\documents\visual studio 2010\Projects\Enigne\Enigne\Enigne.vcxproj" (build target(s)).

Build succeeded.

Time Elapsed 00:00:00.63
